Loaded module: cuda/10.2
Loaded dependency [gcc/8.4.0]: binutils/2.34
Loaded dependency [python3/3.8.2]: gcc/8.4.0
Loaded module: python3/3.8.2
Loaded module: cuda/10.2
Loaded dependency [gcc/8.4.0]: binutils/2.34
Loaded dependency [python3/3.8.2]: gcc/8.4.0
Loaded module: python3/3.8.2
Traceback (most recent call last):
  File "Papernet4.py", line 54, in <module>
    outputs = net(inputs)
  File "/zhome/ab/6/109248/.local/lib/python3.8/site-packages/torch/nn/modules/module.py", line 889, in _call_impl
    result = self.forward(*input, **kwargs)
  File "/zhome/ab/6/109248/Desktop/Speciale/Speciale/TensorizedTrainingMethods/ApplyingCNN/TrueATDC/Papernet4model.py", line 135, in forward
    out = self.conv1(xb)
  File "/zhome/ab/6/109248/.local/lib/python3.8/site-packages/torch/nn/modules/module.py", line 889, in _call_impl
    result = self.forward(*input, **kwargs)
  File "/zhome/ab/6/109248/.local/lib/python3.8/site-packages/torch/nn/modules/container.py", line 119, in forward
    input = module(input)
  File "/zhome/ab/6/109248/.local/lib/python3.8/site-packages/torch/nn/modules/module.py", line 889, in _call_impl
    result = self.forward(*input, **kwargs)
  File "/zhome/ab/6/109248/Desktop/Speciale/Speciale/TensorizedTrainingMethods/ApplyingCNN/TrueATDC/Papernet4model.py", line 91, in forward
    x = torch.nn.functional.conv2d(x, a, bias = None, padding = (1,0), groups = self.OUT)
RuntimeError: Expected object of device type cuda but got device type cpu for argument #2 'weight' in call to _thnn_conv_depthwise2d_forward
Loaded module: cuda/10.2
Loaded dependency [gcc/8.4.0]: binutils/2.34
Loaded dependency [python3/3.8.2]: gcc/8.4.0
Loaded module: python3/3.8.2
Loaded module: cuda/10.2
Loaded dependency [gcc/8.4.0]: binutils/2.34
Loaded dependency [python3/3.8.2]: gcc/8.4.0
Loaded module: python3/3.8.2
Loaded module: cuda/10.2
Loaded dependency [gcc/8.4.0]: binutils/2.34
Loaded dependency [python3/3.8.2]: gcc/8.4.0
Loaded module: python3/3.8.2
Traceback (most recent call last):
  File "Papernet4.py", line 8, in <module>
    from PackagesAndModels.method_functions import *
  File "/zhome/ab/6/109248/Desktop/Speciale/Speciale/TensorizedTrainingMethods/ApplyingCNN/TrueATDC/PackagesAndModels/method_functions.py", line 1, in <module>
    from pack import *
ModuleNotFoundError: No module named 'pack'
Loaded module: cuda/10.2
Loaded dependency [gcc/8.4.0]: binutils/2.34
Loaded dependency [python3/3.8.2]: gcc/8.4.0
Loaded module: python3/3.8.2
Traceback (most recent call last):
  File "Papernet4.py", line 8, in <module>
    from PackagesAndModels.method_functions import *
  File "/zhome/ab/6/109248/Desktop/Speciale/Speciale/TensorizedTrainingMethods/ApplyingCNN/TrueATDC/PackagesAndModels/method_functions.py", line 1, in <module>
    from pack import *
ModuleNotFoundError: No module named 'pack'
Loaded module: cuda/10.2
Loaded dependency [gcc/8.4.0]: binutils/2.34
Loaded dependency [python3/3.8.2]: gcc/8.4.0
Loaded module: python3/3.8.2
Loaded module: cuda/10.2
Loaded dependency [gcc/8.4.0]: binutils/2.34
Loaded dependency [python3/3.8.2]: gcc/8.4.0
Loaded module: python3/3.8.2
Loaded module: cuda/10.2
Loaded dependency [gcc/8.4.0]: binutils/2.34
Loaded dependency [python3/3.8.2]: gcc/8.4.0
Loaded module: python3/3.8.2
Loaded module: cuda/10.2
Loaded dependency [gcc/8.4.0]: binutils/2.34
Loaded dependency [python3/3.8.2]: gcc/8.4.0
Loaded module: python3/3.8.2
/zhome/ab/6/109248/.local/lib/python3.8/site-packages/torch/nn/modules/container.py:119: UserWarning: Implicit dimension choice for softmax has been deprecated. Change the call to include dim=X as an argument.
  input = module(input)
/zhome/ab/6/109248/.local/lib/python3.8/site-packages/torch/nn/modules/container.py:119: UserWarning: Implicit dimension choice for softmax has been deprecated. Change the call to include dim=X as an argument.
  input = module(input)
Traceback (most recent call last):
  File "Papernet4.py", line 54, in <module>
    outputs = net(inputs)
  File "/zhome/ab/6/109248/.local/lib/python3.8/site-packages/torch/nn/modules/module.py", line 889, in _call_impl
    result = self.forward(*input, **kwargs)
  File "/zhome/ab/6/109248/Desktop/Speciale/Speciale/TensorizedTrainingMethods/ApplyingCNN/TrueATDC/Papernet4model.py", line 144, in forward
    out = self.conv6(out)
  File "/zhome/ab/6/109248/.local/lib/python3.8/site-packages/torch/nn/modules/module.py", line 889, in _call_impl
    result = self.forward(*input, **kwargs)
  File "/zhome/ab/6/109248/.local/lib/python3.8/site-packages/torch/nn/modules/container.py", line 119, in forward
    input = module(input)
  File "/zhome/ab/6/109248/.local/lib/python3.8/site-packages/torch/nn/modules/module.py", line 889, in _call_impl
    result = self.forward(*input, **kwargs)
  File "/zhome/ab/6/109248/Desktop/Speciale/Speciale/TensorizedTrainingMethods/ApplyingCNN/TrueATDC/Papernet4model.py", line 88, in forward
    b[i+j,0,0,:] = self.q[i,:]
KeyboardInterrupt
Traceback (most recent call last):
  File "Papernet4.py", line 56, in <module>
    loss.backward()
  File "/zhome/ab/6/109248/.local/lib/python3.8/site-packages/torch/tensor.py", line 245, in backward
    torch.autograd.backward(self, gradient, retain_graph, create_graph, inputs=inputs)
  File "/zhome/ab/6/109248/.local/lib/python3.8/site-packages/torch/autograd/__init__.py", line 145, in backward
    Variable._execution_engine.run_backward(
KeyboardInterrupt
Loaded module: cuda/10.2
Loaded dependency [gcc/8.4.0]: binutils/2.34
Loaded dependency [python3/3.8.2]: gcc/8.4.0
Loaded module: python3/3.8.2
/zhome/ab/6/109248/.local/lib/python3.8/site-packages/torch/nn/modules/container.py:119: UserWarning: Implicit dimension choice for softmax has been deprecated. Change the call to include dim=X as an argument.
  input = module(input)
Loaded module: cuda/10.2
Loaded dependency [gcc/8.4.0]: binutils/2.34
Loaded dependency [python3/3.8.2]: gcc/8.4.0
Loaded module: python3/3.8.2
/zhome/ab/6/109248/.local/lib/python3.8/site-packages/torch/nn/modules/container.py:119: UserWarning: Implicit dimension choice for softmax has been deprecated. Change the call to include dim=X as an argument.
  input = module(input)
Loaded module: cuda/10.2
Loaded dependency [gcc/8.4.0]: binutils/2.34
Loaded dependency [python3/3.8.2]: gcc/8.4.0
Loaded module: python3/3.8.2
/zhome/ab/6/109248/.local/lib/python3.8/site-packages/torch/nn/modules/container.py:119: UserWarning: Implicit dimension choice for softmax has been deprecated. Change the call to include dim=X as an argument.
  input = module(input)
