Loaded module: cuda/10.2
Loaded dependency [gcc/8.4.0]: binutils/2.34
Loaded dependency [python3/3.8.2]: gcc/8.4.0
Loaded module: python3/3.8.2
/zhome/d8/b/107547/.local/lib/python3.8/site-packages/torch/utils/data/dataloader.py:474: UserWarning: This DataLoader will create 2 worker processes in total. Our suggested max number of worker in current system is 1, which is smaller than what this DataLoader is going to create. Please be aware that excessive worker creation might get DataLoader running slow or even freeze, lower the worker number to avoid potential slowness/freeze if necessary.
  warnings.warn(_create_warning_msg(
Traceback (most recent call last):
  File "CIFAR10_Tucker24D_Conv500_ATDC_rank.py", line 27, in <module>
    for M in range(NumModels):
NameError: name 'NumModels' is not defined
Loaded module: cuda/10.2
Loaded dependency [gcc/8.4.0]: binutils/2.34
Loaded dependency [python3/3.8.2]: gcc/8.4.0
Loaded module: python3/3.8.2
/zhome/d8/b/107547/.local/lib/python3.8/site-packages/torch/utils/data/dataloader.py:474: UserWarning: This DataLoader will create 2 worker processes in total. Our suggested max number of worker in current system is 1, which is smaller than what this DataLoader is going to create. Please be aware that excessive worker creation might get DataLoader running slow or even freeze, lower the worker number to avoid potential slowness/freeze if necessary.
  warnings.warn(_create_warning_msg(
Traceback (most recent call last):
  File "CIFAR10_Tucker24D_Conv500_ATDC_rank.py", line 27, in <module>
    for M in range(NumModels):
NameError: name 'NumModels' is not defined
Loaded module: cuda/10.2
Loaded dependency [gcc/8.4.0]: binutils/2.34
Loaded dependency [python3/3.8.2]: gcc/8.4.0
Loaded module: python3/3.8.2
/zhome/d8/b/107547/.local/lib/python3.8/site-packages/torch/utils/data/dataloader.py:474: UserWarning: This DataLoader will create 2 worker processes in total. Our suggested max number of worker in current system is 1, which is smaller than what this DataLoader is going to create. Please be aware that excessive worker creation might get DataLoader running slow or even freeze, lower the worker number to avoid potential slowness/freeze if necessary.
  warnings.warn(_create_warning_msg(
Traceback (most recent call last):
  File "CIFAR10_Tucker24D_Conv500_ATDC_rank.py", line 45, in <module>
    train_acc.append(evaluate_cifar(trainloader, net).cpu().item())
  File "/zhome/d8/b/107547/Documents/Git/Speciale/TensorizedTrainingMethods/ApplyingCNN/CIFAR/conv500/PackagesAndModels/train_val_test_CIFAR10.py", line 8, in evaluate_cifar
    for data in loader:
  File "/zhome/d8/b/107547/.local/lib/python3.8/site-packages/torch/utils/data/dataloader.py", line 517, in __next__
    data = self._next_data()
  File "/zhome/d8/b/107547/.local/lib/python3.8/site-packages/torch/utils/data/dataloader.py", line 1182, in _next_data
    idx, data = self._get_data()
  File "/zhome/d8/b/107547/.local/lib/python3.8/site-packages/torch/utils/data/dataloader.py", line 1138, in _get_data
    success, data = self._try_get_data()
  File "/zhome/d8/b/107547/.local/lib/python3.8/site-packages/torch/utils/data/dataloader.py", line 986, in _try_get_data
    data = self._data_queue.get(timeout=timeout)
  File "/appl/python/3.8.2/lib/python3.8/queue.py", line 179, in get
    self.not_empty.wait(remaining)
  File "/appl/python/3.8.2/lib/python3.8/threading.py", line 306, in wait
    gotit = waiter.acquire(True, timeout)
KeyboardInterrupt
Loaded module: cuda/10.2
Loaded dependency [gcc/8.4.0]: binutils/2.34
Loaded dependency [python3/3.8.2]: gcc/8.4.0
Loaded module: python3/3.8.2
/zhome/d8/b/107547/.local/lib/python3.8/site-packages/torch/utils/data/dataloader.py:474: UserWarning: This DataLoader will create 2 worker processes in total. Our suggested max number of worker in current system is 1, which is smaller than what this DataLoader is going to create. Please be aware that excessive worker creation might get DataLoader running slow or even freeze, lower the worker number to avoid potential slowness/freeze if necessary.
  warnings.warn(_create_warning_msg(
