Loaded module: cuda/10.2
Loaded dependency [gcc/8.4.0]: binutils/2.34
Loaded dependency [python3/3.8.2]: gcc/8.4.0
Loaded module: python3/3.8.2
Loaded module: cuda/10.2
Loaded dependency [gcc/8.4.0]: binutils/2.34
Loaded dependency [python3/3.8.2]: gcc/8.4.0
Loaded module: python3/3.8.2
Traceback (most recent call last):
  File "conv500normalCIFAR10.py", line 61, in <module>
    test_acc.append(evaluate_cifar(testloader, net).cpu().item())
  File "/zhome/d8/b/107547/Documents/Git/Speciale/TensorizedTrainingMethods/ApplyingCNN/CIFAR/PackagesAndModels/train_val_test_CIFAR10.py", line 9, in evaluate_cifar
    for data in loader:
  File "/zhome/d8/b/107547/.local/lib/python3.8/site-packages/torch/utils/data/dataloader.py", line 517, in __next__
    data = self._next_data()
  File "/zhome/d8/b/107547/.local/lib/python3.8/site-packages/torch/utils/data/dataloader.py", line 1182, in _next_data
    idx, data = self._get_data()
  File "/zhome/d8/b/107547/.local/lib/python3.8/site-packages/torch/utils/data/dataloader.py", line 1138, in _get_data
    success, data = self._try_get_data()
  File "/zhome/d8/b/107547/.local/lib/python3.8/site-packages/torch/utils/data/dataloader.py", line 986, in _try_get_data
    data = self._data_queue.get(timeout=timeout)
  File "/appl/python/3.8.2/lib/python3.8/queue.py", line 179, in get
    self.not_empty.wait(remaining)
  File "/appl/python/3.8.2/lib/python3.8/threading.py", line 306, in wait
    gotit = waiter.acquire(True, timeout)
KeyboardInterrupt
Loaded module: cuda/10.2
Loaded dependency [gcc/8.4.0]: binutils/2.34
Loaded dependency [python3/3.8.2]: gcc/8.4.0
Loaded module: python3/3.8.2
