Loaded module: cuda/10.2
Loaded dependency [gcc/8.4.0]: binutils/2.34
Loaded dependency [python3/3.8.2]: gcc/8.4.0
Loaded module: python3/3.8.2
Loaded module: cuda/10.2
Loaded dependency [gcc/8.4.0]: binutils/2.34
Loaded dependency [python3/3.8.2]: gcc/8.4.0
Loaded module: python3/3.8.2
Loaded module: cuda/10.2
Loaded dependency [gcc/8.4.0]: binutils/2.34
Loaded dependency [python3/3.8.2]: gcc/8.4.0
Loaded module: python3/3.8.2
Traceback (most recent call last):
  File "CIFAR100_webNet.py", line 7, in <module>
    from webNet import *
  File "/zhome/d8/b/107547/Documents/Git/Speciale/TensorizedTrainingMethods/ApplyingCNN/CIFAR100/webNet.py", line 73, in <module>
    resnet152 = ResNet152(conv_3D_block, 3, 100)
  File "/zhome/d8/b/107547/Documents/Git/Speciale/TensorizedTrainingMethods/ApplyingCNN/CIFAR100/webNet.py", line 43, in __init__
    self.conv1 = block(in_channels, 64)
  File "/zhome/d8/b/107547/Documents/Git/Speciale/TensorizedTrainingMethods/ApplyingCNN/CIFAR100/webNet.py", line 21, in conv_3D_block
    nn.Conv2d(in_channels = in_f, out_channels = out_f, kernel_size=1,
NameError: name 'in_f' is not defined
