Loaded module: cuda/10.2
Loaded dependency [gcc/8.4.0]: binutils/2.34
Loaded dependency [python3/3.8.2]: gcc/8.4.0
Loaded module: python3/3.8.2
Traceback (most recent call last):
  File "CIFAR100_papernet4.py", line 5, in <module>
    from PackagesAndModels.pack import *
  File "/zhome/ab/6/109248/Desktop/Speciale/Speciale/TensorizedTrainingMethods/ApplyingCNN/CIFAR100/PackagesAndModels/pack.py", line 3, in <module>
    import torch
ModuleNotFoundError: No module named 'torch'
Loaded module: cuda/10.2
Loaded dependency [gcc/8.4.0]: binutils/2.34
Loaded dependency [python3/3.8.2]: gcc/8.4.0
Loaded module: python3/3.8.2
Traceback (most recent call last):
<<<<<<< HEAD
<<<<<<< HEAD
  File "CIFAR100_papernet4.py", line 18, in <module>
    trainset = torchvision.datasets.CIFAR100(root='./data', train=True,
  File "/zhome/d8/b/107547/.local/lib/python3.8/site-packages/torchvision/datasets/cifar.py", line 65, in __init__
    self.download()
  File "/zhome/d8/b/107547/.local/lib/python3.8/site-packages/torchvision/datasets/cifar.py", line 143, in download
    download_and_extract_archive(self.url, self.root, filename=self.filename, md5=self.tgz_md5)
  File "/zhome/d8/b/107547/.local/lib/python3.8/site-packages/torchvision/datasets/utils.py", line 314, in download_and_extract_archive
    download_url(url, download_root, filename, md5)
  File "/zhome/d8/b/107547/.local/lib/python3.8/site-packages/torchvision/datasets/utils.py", line 122, in download_url
    url = _get_redirect_url(url, max_hops=max_redirect_hops)
  File "/zhome/d8/b/107547/.local/lib/python3.8/site-packages/torchvision/datasets/utils.py", line 71, in _get_redirect_url
    import requests
ModuleNotFoundError: No module named 'requests'
=======
=======
>>>>>>> 4dd9181e1141e88f923d8a6e11feb45670bbb81d
  File "CIFAR100_papernet4.py", line 5, in <module>
    from PackagesAndModels.pack import *
  File "/zhome/ab/6/109248/Desktop/Speciale/Speciale/TensorizedTrainingMethods/ApplyingCNN/CIFAR100/PackagesAndModels/pack.py", line 3, in <module>
    import torch
ModuleNotFoundError: No module named 'torch'
<<<<<<< HEAD
>>>>>>> f0e423d79e5f8dc5fd3eef1c757ad7a25da72105
Loaded module: cuda/10.2
Loaded dependency [gcc/8.4.0]: binutils/2.34
Loaded dependency [python3/3.8.2]: gcc/8.4.0
Loaded module: python3/3.8.2
=======
>>>>>>> 4dd9181e1141e88f923d8a6e11feb45670bbb81d
