/bin/bash: ./conv500PARAFAC3DCIFAR10.sh: Permission denied

------------------------------------------------------------
Sender: LSF System <lsfadmin@hpc.dtu.dk>
Subject: Job 9620046: <NONAME> in cluster <dcc> Exited

Job <NONAME> was submitted from host <n-62-30-1> by user <s152576> in cluster <dcc> at Thu May  6 13:55:57 2021
Job was executed on host(s) <n-62-31-24>, in queue <hpc>, as user <s152576> in cluster <dcc> at Thu May  6 13:55:58 2021
</zhome/d8/b/107547> was used as the home directory.
</zhome/d8/b/107547/Documents/Git/Speciale/TensorizedTrainingMethods/ApplyingCNN/CIFAR> was used as the working directory.
Started at Thu May  6 13:55:58 2021
Terminated at Thu May  6 13:55:59 2021
Results reported at Thu May  6 13:55:59 2021

Your job looked like:

------------------------------------------------------------
# LSBATCH: User input
conv500PARAFAC3DCIFAR10.sh
------------------------------------------------------------

Exited with exit code 126.

Resource usage summary:

    CPU time :                                   0.27 sec.
    Max Memory :                                 -
    Average Memory :                             -
    Total Requested Memory :                     1024.00 MB
    Delta Memory :                               -
    Max Swap :                                   -
    Max Processes :                              -
    Max Threads :                                -
    Run time :                                   5 sec.
    Turnaround time :                            2 sec.

The output (if any) is above this job summary.

